\BOOKMARK [1][-]{section.1}{Introduction}{}% 1
\BOOKMARK [1][-]{section.2}{Background}{}% 2
\BOOKMARK [2][-]{subsection.2.1}{PDEs and Heat Equation}{section.2}% 3
\BOOKMARK [2][-]{subsection.2.2}{Traditional Approximation Methods}{section.2}% 4
\BOOKMARK [1][-]{section.3}{Related Work}{}% 5
\BOOKMARK [2][-]{subsection.3.1}{ DGM Architecture }{section.3}% 6
\BOOKMARK [2][-]{subsection.3.2}{ Individual DGM layer }{section.3}% 7
\BOOKMARK [1][-]{section.4}{Methods}{}% 8
\BOOKMARK [2][-]{subsection.4.1}{Architecture}{section.4}% 9
\BOOKMARK [2][-]{subsection.4.2}{Sampling Methodology}{section.4}% 10
\BOOKMARK [2][-]{subsection.4.3}{Initial/Boundary Conditions}{section.4}% 11
\BOOKMARK [1][-]{section.5}{Results}{}% 12
\BOOKMARK [2][-]{subsection.5.1}{Depth of Network}{section.5}% 13
\BOOKMARK [2][-]{subsection.5.2}{Number of Samples}{section.5}% 14
\BOOKMARK [2][-]{subsection.5.3}{Dependence on Dimension}{section.5}% 15
\BOOKMARK [2][-]{subsection.5.4}{Dependence on Initial/Boundary Conditions}{section.5}% 16
\BOOKMARK [1][-]{section.6}{Analysis}{}% 17
\BOOKMARK [2][-]{subsection.6.1}{Depth of Network}{section.6}% 18
\BOOKMARK [2][-]{subsection.6.2}{Training Time}{section.6}% 19
\BOOKMARK [2][-]{subsection.6.3}{Number of Samples}{section.6}% 20
\BOOKMARK [2][-]{subsection.6.4}{Dependence on Dimension}{section.6}% 21
\BOOKMARK [2][-]{subsection.6.5}{Dependence on Initial Conditions}{section.6}% 22
\BOOKMARK [1][-]{section.7}{Future Work}{}% 23
\BOOKMARK [2][-]{subsection.7.1}{Different Architectures}{section.7}% 24
\BOOKMARK [2][-]{subsection.7.2}{Dealing Higher Dimensions}{section.7}% 25
\BOOKMARK [2][-]{subsection.7.3}{Other PDEs}{section.7}% 26
